<?xml version="1.0" encoding="UTF-8"?>
<testsuite name="FIS.iLUVit.repository.PtDateRepositoryTest" tests="2" skipped="0" failures="0" errors="0" timestamp="2022-07-08T06:09:09" hostname="hyeonseung-guui-MacBookPro.local" time="0.045">
  <properties/>
  <testcase name="학부모_정보_조회()" classname="FIS.iLUVit.repository.PtDateRepositoryTest" time="0.007"/>
  <testcase name="설명회_회차_정보_가져오기()" classname="FIS.iLUVit.repository.PtDateRepositoryTest" time="0.037"/>
  <system-out><![CDATA[2022-07-08 15:09:09.421  INFO 6000 --- [    Test worker] b.t.a.o.j.DataJpaTestContextBootstrapper : Neither @ContextConfiguration nor @ContextHierarchy found for test class [FIS.iLUVit.repository.PtDateRepositoryTest], using SpringBootContextLoader
2022-07-08 15:09:09.421  INFO 6000 --- [    Test worker] o.s.t.c.support.AbstractContextLoader    : Could not detect default resource locations for test class [FIS.iLUVit.repository.PtDateRepositoryTest]: no resource found for suffixes {-context.xml, Context.groovy}.
2022-07-08 15:09:09.421  INFO 6000 --- [    Test worker] t.c.s.AnnotationConfigContextLoaderUtils : Could not detect default configuration classes for test class [FIS.iLUVit.repository.PtDateRepositoryTest]: PtDateRepositoryTest does not declare any static, non-private, non-final, nested classes annotated with @Configuration.
2022-07-08 15:09:09.423  INFO 6000 --- [    Test worker] .b.t.c.SpringBootTestContextBootstrapper : Found @SpringBootConfiguration FIS.iLUVit.ILuVitApplication for test class FIS.iLUVit.repository.PtDateRepositoryTest
2022-07-08 15:09:09.423  INFO 6000 --- [    Test worker] b.t.a.o.j.DataJpaTestContextBootstrapper : Loaded default TestExecutionListener class names from location [META-INF/spring.factories]: [org.springframework.security.test.context.support.WithSecurityContextTestExecutionListener, org.springframework.security.test.context.support.ReactorContextTestExecutionListener, org.springframework.boot.test.autoconfigure.restdocs.RestDocsTestExecutionListener, org.springframework.boot.test.autoconfigure.web.client.MockRestServiceServerResetTestExecutionListener, org.springframework.boot.test.autoconfigure.web.servlet.MockMvcPrintOnlyOnFailureTestExecutionListener, org.springframework.boot.test.autoconfigure.web.servlet.WebDriverTestExecutionListener, org.springframework.boot.test.autoconfigure.webservices.client.MockWebServiceServerTestExecutionListener, org.springframework.boot.test.mock.mockito.MockitoTestExecutionListener, org.springframework.boot.test.mock.mockito.ResetMocksTestExecutionListener, org.springframework.test.context.web.ServletTestExecutionListener, org.springframework.test.context.support.DirtiesContextBeforeModesTestExecutionListener, org.springframework.test.context.event.ApplicationEventsTestExecutionListener, org.springframework.test.context.support.DependencyInjectionTestExecutionListener, org.springframework.test.context.support.DirtiesContextTestExecutionListener, org.springframework.test.context.transaction.TransactionalTestExecutionListener, org.springframework.test.context.jdbc.SqlScriptsTestExecutionListener, org.springframework.test.context.event.EventPublishingTestExecutionListener]
2022-07-08 15:09:09.424  INFO 6000 --- [    Test worker] b.t.a.o.j.DataJpaTestContextBootstrapper : Using TestExecutionListeners: [org.springframework.test.context.web.ServletTestExecutionListener@5c7f8c9f, org.springframework.test.context.support.DirtiesContextBeforeModesTestExecutionListener@2ce33999, org.springframework.test.context.event.ApplicationEventsTestExecutionListener@677b5145, org.springframework.boot.test.mock.mockito.MockitoTestExecutionListener@5145dc7, org.springframework.boot.test.autoconfigure.SpringBootDependencyInjectionTestExecutionListener@25af328e, org.springframework.test.context.support.DirtiesContextTestExecutionListener@10b5f853, org.springframework.test.context.transaction.TransactionalTestExecutionListener@2d796279, org.springframework.test.context.jdbc.SqlScriptsTestExecutionListener@a24e874, org.springframework.security.test.context.support.WithSecurityContextTestExecutionListener@56c390fc, org.springframework.test.context.event.EventPublishingTestExecutionListener@698b9d17, org.springframework.security.test.context.support.ReactorContextTestExecutionListener@f8740f5, org.springframework.boot.test.autoconfigure.restdocs.RestDocsTestExecutionListener@22cd7e39, org.springframework.boot.test.autoconfigure.web.client.MockRestServiceServerResetTestExecutionListener@68435eec, org.springframework.boot.test.autoconfigure.web.servlet.MockMvcPrintOnlyOnFailureTestExecutionListener@5d9515d6, org.springframework.boot.test.autoconfigure.web.servlet.WebDriverTestExecutionListener@68a06679, org.springframework.boot.test.autoconfigure.webservices.client.MockWebServiceServerTestExecutionListener@2155e1e2, org.springframework.boot.test.mock.mockito.ResetMocksTestExecutionListener@53937f1a]
2022-07-08 15:09:09.428  INFO 6000 --- [    Test worker] o.s.t.c.transaction.TransactionContext   : Began transaction (1) for test context [DefaultTestContext@b52bc7b testClass = PtDateRepositoryTest, testInstance = FIS.iLUVit.repository.PtDateRepositoryTest@421e8b29, testMethod = 학부모_정보_조회@PtDateRepositoryTest, testException = [null], mergedContextConfiguration = [MergedContextConfiguration@21484c17 testClass = PtDateRepositoryTest, locations = '{}', classes = '{class FIS.iLUVit.ILuVitApplication}', contextInitializerClasses = '[]', activeProfiles = '{}', propertySourceLocations = '{}', propertySourceProperties = '{org.springframework.boot.test.autoconfigure.orm.jpa.DataJpaTestContextBootstrapper=true}', contextCustomizers = set[org.springframework.boot.test.autoconfigure.OverrideAutoConfigurationContextCustomizerFactory$DisableAutoConfigurationContextCustomizer@1f404aa1, org.springframework.boot.test.autoconfigure.actuate.metrics.MetricsExportContextCustomizerFactory$DisableMetricExportContextCustomizer@2dd29a59, org.springframework.boot.test.autoconfigure.filter.TypeExcludeFiltersContextCustomizer@801efc8c, org.springframework.boot.test.autoconfigure.properties.PropertyMappingContextCustomizer@c5c6ab73, org.springframework.boot.test.autoconfigure.web.servlet.WebDriverContextCustomizerFactory$Customizer@ec2cc4, [ImportsContextCustomizer@69745cfe key = [org.springframework.boot.autoconfigure.cache.CacheAutoConfiguration, org.springframework.boot.autoconfigure.data.jpa.JpaRepositoriesAutoConfiguration, org.springframework.boot.autoconfigure.flyway.FlywayAutoConfiguration, org.springframework.boot.autoconfigure.jdbc.DataSourceAutoConfiguration, org.springframework.boot.autoconfigure.jdbc.DataSourceTransactionManagerAutoConfiguration, org.springframework.boot.autoconfigure.jdbc.JdbcTemplateAutoConfiguration, org.springframework.boot.autoconfigure.liquibase.LiquibaseAutoConfiguration, org.springframework.boot.autoconfigure.orm.jpa.HibernateJpaAutoConfiguration, org.springframework.boot.autoconfigure.sql.init.SqlInitializationAutoConfiguration, org.springframework.boot.autoconfigure.transaction.TransactionAutoConfiguration, org.springframework.boot.test.autoconfigure.jdbc.TestDatabaseAutoConfiguration, org.springframework.boot.test.autoconfigure.orm.jpa.TestEntityManagerAutoConfiguration]], org.springframework.boot.test.context.filter.ExcludeFilterContextCustomizer@2101b44a, org.springframework.boot.test.json.DuplicateJsonObjectContextCustomizerFactory$DuplicateJsonObjectContextCustomizer@119020fb, org.springframework.boot.test.mock.mockito.MockitoContextCustomizer@0, org.springframework.boot.test.context.SpringBootTestArgs@1, org.springframework.boot.test.context.SpringBootTestWebEnvironment@0], contextLoader = 'org.springframework.boot.test.context.SpringBootContextLoader', parent = [null]], attributes = map['org.springframework.test.context.event.ApplicationEventsTestExecutionListener.recordApplicationEvents' -> false]]; transaction manager [org.springframework.orm.jpa.JpaTransactionManager@47e83e72]; rollback [true]
2022-07-08 15:09:09.433  INFO 6000 --- [    Test worker] o.s.t.c.transaction.TransactionContext   : Rolled back transaction for test: [DefaultTestContext@b52bc7b testClass = PtDateRepositoryTest, testInstance = FIS.iLUVit.repository.PtDateRepositoryTest@421e8b29, testMethod = 학부모_정보_조회@PtDateRepositoryTest, testException = [null], mergedContextConfiguration = [MergedContextConfiguration@21484c17 testClass = PtDateRepositoryTest, locations = '{}', classes = '{class FIS.iLUVit.ILuVitApplication}', contextInitializerClasses = '[]', activeProfiles = '{}', propertySourceLocations = '{}', propertySourceProperties = '{org.springframework.boot.test.autoconfigure.orm.jpa.DataJpaTestContextBootstrapper=true}', contextCustomizers = set[org.springframework.boot.test.autoconfigure.OverrideAutoConfigurationContextCustomizerFactory$DisableAutoConfigurationContextCustomizer@1f404aa1, org.springframework.boot.test.autoconfigure.actuate.metrics.MetricsExportContextCustomizerFactory$DisableMetricExportContextCustomizer@2dd29a59, org.springframework.boot.test.autoconfigure.filter.TypeExcludeFiltersContextCustomizer@801efc8c, org.springframework.boot.test.autoconfigure.properties.PropertyMappingContextCustomizer@c5c6ab73, org.springframework.boot.test.autoconfigure.web.servlet.WebDriverContextCustomizerFactory$Customizer@ec2cc4, [ImportsContextCustomizer@69745cfe key = [org.springframework.boot.autoconfigure.cache.CacheAutoConfiguration, org.springframework.boot.autoconfigure.data.jpa.JpaRepositoriesAutoConfiguration, org.springframework.boot.autoconfigure.flyway.FlywayAutoConfiguration, org.springframework.boot.autoconfigure.jdbc.DataSourceAutoConfiguration, org.springframework.boot.autoconfigure.jdbc.DataSourceTransactionManagerAutoConfiguration, org.springframework.boot.autoconfigure.jdbc.JdbcTemplateAutoConfiguration, org.springframework.boot.autoconfigure.liquibase.LiquibaseAutoConfiguration, org.springframework.boot.autoconfigure.orm.jpa.HibernateJpaAutoConfiguration, org.springframework.boot.autoconfigure.sql.init.SqlInitializationAutoConfiguration, org.springframework.boot.autoconfigure.transaction.TransactionAutoConfiguration, org.springframework.boot.test.autoconfigure.jdbc.TestDatabaseAutoConfiguration, org.springframework.boot.test.autoconfigure.orm.jpa.TestEntityManagerAutoConfiguration]], org.springframework.boot.test.context.filter.ExcludeFilterContextCustomizer@2101b44a, org.springframework.boot.test.json.DuplicateJsonObjectContextCustomizerFactory$DuplicateJsonObjectContextCustomizer@119020fb, org.springframework.boot.test.mock.mockito.MockitoContextCustomizer@0, org.springframework.boot.test.context.SpringBootTestArgs@1, org.springframework.boot.test.context.SpringBootTestWebEnvironment@0], contextLoader = 'org.springframework.boot.test.context.SpringBootContextLoader', parent = [null]], attributes = map['org.springframework.test.context.event.ApplicationEventsTestExecutionListener.recordApplicationEvents' -> false]]
2022-07-08 15:09:09.436  INFO 6000 --- [    Test worker] o.s.t.c.transaction.TransactionContext   : Began transaction (1) for test context [DefaultTestContext@b52bc7b testClass = PtDateRepositoryTest, testInstance = FIS.iLUVit.repository.PtDateRepositoryTest@41aa0ede, testMethod = 설명회_회차_정보_가져오기@PtDateRepositoryTest, testException = [null], mergedContextConfiguration = [MergedContextConfiguration@21484c17 testClass = PtDateRepositoryTest, locations = '{}', classes = '{class FIS.iLUVit.ILuVitApplication}', contextInitializerClasses = '[]', activeProfiles = '{}', propertySourceLocations = '{}', propertySourceProperties = '{org.springframework.boot.test.autoconfigure.orm.jpa.DataJpaTestContextBootstrapper=true}', contextCustomizers = set[org.springframework.boot.test.autoconfigure.OverrideAutoConfigurationContextCustomizerFactory$DisableAutoConfigurationContextCustomizer@1f404aa1, org.springframework.boot.test.autoconfigure.actuate.metrics.MetricsExportContextCustomizerFactory$DisableMetricExportContextCustomizer@2dd29a59, org.springframework.boot.test.autoconfigure.filter.TypeExcludeFiltersContextCustomizer@801efc8c, org.springframework.boot.test.autoconfigure.properties.PropertyMappingContextCustomizer@c5c6ab73, org.springframework.boot.test.autoconfigure.web.servlet.WebDriverContextCustomizerFactory$Customizer@ec2cc4, [ImportsContextCustomizer@69745cfe key = [org.springframework.boot.autoconfigure.cache.CacheAutoConfiguration, org.springframework.boot.autoconfigure.data.jpa.JpaRepositoriesAutoConfiguration, org.springframework.boot.autoconfigure.flyway.FlywayAutoConfiguration, org.springframework.boot.autoconfigure.jdbc.DataSourceAutoConfiguration, org.springframework.boot.autoconfigure.jdbc.DataSourceTransactionManagerAutoConfiguration, org.springframework.boot.autoconfigure.jdbc.JdbcTemplateAutoConfiguration, org.springframework.boot.autoconfigure.liquibase.LiquibaseAutoConfiguration, org.springframework.boot.autoconfigure.orm.jpa.HibernateJpaAutoConfiguration, org.springframework.boot.autoconfigure.sql.init.SqlInitializationAutoConfiguration, org.springframework.boot.autoconfigure.transaction.TransactionAutoConfiguration, org.springframework.boot.test.autoconfigure.jdbc.TestDatabaseAutoConfiguration, org.springframework.boot.test.autoconfigure.orm.jpa.TestEntityManagerAutoConfiguration]], org.springframework.boot.test.context.filter.ExcludeFilterContextCustomizer@2101b44a, org.springframework.boot.test.json.DuplicateJsonObjectContextCustomizerFactory$DuplicateJsonObjectContextCustomizer@119020fb, org.springframework.boot.test.mock.mockito.MockitoContextCustomizer@0, org.springframework.boot.test.context.SpringBootTestArgs@1, org.springframework.boot.test.context.SpringBootTestWebEnvironment@0], contextLoader = 'org.springframework.boot.test.context.SpringBootContextLoader', parent = [null]], attributes = map['org.springframework.test.context.event.ApplicationEventsTestExecutionListener.recordApplicationEvents' -> false]]; transaction manager [org.springframework.orm.jpa.JpaTransactionManager@47e83e72]; rollback [true]
2022-07-08 15:09:09.437 DEBUG 6000 --- [    Test worker] org.hibernate.SQL                        : 
    call next value for hibernate_sequence
Hibernate: 
    call next value for hibernate_sequence
2022-07-08 15:09:09.438 DEBUG 6000 --- [    Test worker] org.hibernate.SQL                        : 
    call next value for hibernate_sequence
Hibernate: 
    call next value for hibernate_sequence
2022-07-08 15:09:09.440 DEBUG 6000 --- [    Test worker] org.hibernate.SQL                        : 
    call next value for hibernate_sequence
Hibernate: 
    call next value for hibernate_sequence
2022-07-08 15:09:09.442 DEBUG 6000 --- [    Test worker] org.hibernate.SQL                        : 
    insert 
    into
        Center
        (createdDate, updatedDate, addInfo, address, sido, sigungu, buildingYear, busCnt, cctvCnt, hasBackpack, hasBus, hasCCTV, hasHandWriteNote, hasKidsNote, hasPhysics, hasPlayground, hasSwimPool, hasUniform, child_0, child_1, child_2, child_3, child_4, child_5, child_spe, class_0, class_1, class_2, class_3, class_4, class_5, cost0, cost1, cost2, cost3, cost4, cost5, curChildCnt, director, endTime, estDate, estType, homepage, imgCnt, introText, latitude, longitude, maxAge, maxChildCnt, minAge, name, offerService, participation, visited, owner, program, recruit, score, signed, startTime, status, dur12, dur24, dur46, dur6_, dur_1, totalCnt, tel, animal, art, buddhism, camping, catholic, christianity, clean, coding, english, foreigner, genius, manner, math, music, nature, plant, sport, updateDate, videoCnt, waitingNum, zipcode, kindOf, id) 
    values
        (?, ?, ?, ?, ?, ?, ?, ?, ?, ?, ?, ?, ?, ?, ?, ?, ?, ?, ?, ?, ?, ?, ?, ?, ?, ?, ?, ?, ?, ?, ?, ?, ?, ?, ?, ?, ?, ?, ?, ?, ?, ?, ?, ?, ?, ?, ?, ?, ?, ?, ?, ?, ?, ?, ?, ?, ?, ?, ?, ?, ?, ?, ?, ?, ?, ?, ?, ?, ?, ?, ?, ?, ?, ?, ?, ?, ?, ?, ?, ?, ?, ?, ?, ?, ?, ?, ?, ?, ?, null, ?)
Hibernate: 
    insert 
    into
        Center
        (createdDate, updatedDate, addInfo, address, sido, sigungu, buildingYear, busCnt, cctvCnt, hasBackpack, hasBus, hasCCTV, hasHandWriteNote, hasKidsNote, hasPhysics, hasPlayground, hasSwimPool, hasUniform, child_0, child_1, child_2, child_3, child_4, child_5, child_spe, class_0, class_1, class_2, class_3, class_4, class_5, cost0, cost1, cost2, cost3, cost4, cost5, curChildCnt, director, endTime, estDate, estType, homepage, imgCnt, introText, latitude, longitude, maxAge, maxChildCnt, minAge, name, offerService, participation, visited, owner, program, recruit, score, signed, startTime, status, dur12, dur24, dur46, dur6_, dur_1, totalCnt, tel, animal, art, buddhism, camping, catholic, christianity, clean, coding, english, foreigner, genius, manner, math, music, nature, plant, sport, updateDate, videoCnt, waitingNum, zipcode, kindOf, id) 
    values
        (?, ?, ?, ?, ?, ?, ?, ?, ?, ?, ?, ?, ?, ?, ?, ?, ?, ?, ?, ?, ?, ?, ?, ?, ?, ?, ?, ?, ?, ?, ?, ?, ?, ?, ?, ?, ?, ?, ?, ?, ?, ?, ?, ?, ?, ?, ?, ?, ?, ?, ?, ?, ?, ?, ?, ?, ?, ?, ?, ?, ?, ?, ?, ?, ?, ?, ?, ?, ?, ?, ?, ?, ?, ?, ?, ?, ?, ?, ?, ?, ?, ?, ?, ?, ?, ?, ?, ?, ?, null, ?)
2022-07-08 15:09:09.443 DEBUG 6000 --- [    Test worker] org.hibernate.SQL                        : 
    insert 
    into
        Presentation
        (createdDate, updatedDate, center_id, content, endDate, imgCnt, place, startDate, videoCnt, id) 
    values
        (?, ?, ?, ?, ?, ?, ?, ?, ?, ?)
Hibernate: 
    insert 
    into
        Presentation
        (createdDate, updatedDate, center_id, content, endDate, imgCnt, place, startDate, videoCnt, id) 
    values
        (?, ?, ?, ?, ?, ?, ?, ?, ?, ?)
2022-07-08 15:09:09.444 DEBUG 6000 --- [    Test worker] org.hibernate.SQL                        : 
    insert 
    into
        PtDate
        (createdDate, updatedDate, ablePersonNum, date, participantCnt, presentation_id, time, waitingCnt, id) 
    values
        (?, ?, ?, ?, ?, ?, ?, ?, ?)
Hibernate: 
    insert 
    into
        PtDate
        (createdDate, updatedDate, ablePersonNum, date, participantCnt, presentation_id, time, waitingCnt, id) 
    values
        (?, ?, ?, ?, ?, ?, ?, ?, ?)
2022-07-08 15:09:09.450 DEBUG 6000 --- [    Test worker] org.hibernate.SQL                        : 
    select
        distinct ptdate0_.id as id1_20_0_,
        participat1_.id as id1_14_1_,
        presentati2_.id as id1_18_2_,
        parent3_.id as id2_26_3_,
        ptdate0_.createdDate as createdd2_20_0_,
        ptdate0_.updatedDate as updatedd3_20_0_,
        ptdate0_.ablePersonNum as ablepers4_20_0_,
        ptdate0_.date as date5_20_0_,
        ptdate0_.participantCnt as particip6_20_0_,
        ptdate0_.presentation_id as presenta9_20_0_,
        ptdate0_.time as time7_20_0_,
        ptdate0_.waitingCnt as waitingc8_20_0_,
        participat1_.createdDate as createdd2_14_1_,
        participat1_.updatedDate as updatedd3_14_1_,
        participat1_.parent_id as parent_i5_14_1_,
        participat1_.ptDate_id as ptdate_i6_14_1_,
        participat1_.status as status4_14_1_,
        participat1_.ptDate_id as ptdate_i6_14_0__,
        participat1_.id as id1_14_0__,
        presentati2_.createdDate as createdd2_18_2_,
        presentati2_.updatedDate as updatedd3_18_2_,
        presentati2_.center_id as center_10_18_2_,
        presentati2_.content as content4_18_2_,
        presentati2_.endDate as enddate5_18_2_,
        presentati2_.imgCnt as imgcnt6_18_2_,
        presentati2_.place as place7_18_2_,
        presentati2_.startDate as startdat8_18_2_,
        presentati2_.videoCnt as videocnt9_18_2_,
        parent3_1_.createdDate as createdd3_26_3_,
        parent3_1_.updatedDate as updatedd4_26_3_,
        parent3_1_.address as address5_26_3_,
        parent3_1_.auth as auth6_26_3_,
        parent3_1_.detailAddress as detailad7_26_3_,
        parent3_1_.dtype as dtype1_26_3_,
        parent3_1_.emailAddress as emailadd8_26_3_,
        parent3_1_.hasProfileImg as hasprofi9_26_3_,
        parent3_1_.loginId as loginid10_26_3_,
        parent3_1_.name as name11_26_3_,
        parent3_1_.nickName as nicknam12_26_3_,
        parent3_1_.password as passwor13_26_3_,
        parent3_1_.phoneNumber as phonenu14_26_3_,
        parent3_.interestAge as interest1_13_3_,
        parent3_.animal as animal2_13_3_,
        parent3_.art as art3_13_3_,
        parent3_.buddhism as buddhism4_13_3_,
        parent3_.camping as camping5_13_3_,
        parent3_.catholic as catholic6_13_3_,
        parent3_.christianity as christia7_13_3_,
        parent3_.clean as clean8_13_3_,
        parent3_.coding as coding9_13_3_,
        parent3_.english as english10_13_3_,
        parent3_.foreigner as foreign11_13_3_,
        parent3_.genius as genius12_13_3_,
        parent3_.manner as manner13_13_3_,
        parent3_.math as math14_13_3_,
        parent3_.music as music15_13_3_,
        parent3_.nature as nature16_13_3_,
        parent3_.plant as plant17_13_3_,
        parent3_.sport as sport18_13_3_ 
    from
        PtDate ptdate0_ 
    left outer join
        Participation participat1_ 
            on ptdate0_.id=participat1_.ptDate_id 
    left outer join
        Presentation presentati2_ 
            on ptdate0_.presentation_id=presentati2_.id 
    left outer join
        Parent parent3_ 
            on participat1_.parent_id=parent3_.id 
    left outer join
        User parent3_1_ 
            on parent3_.id=parent3_1_.id 
    where
        ptdate0_.id=?
Hibernate: 
    select
        distinct ptdate0_.id as id1_20_0_,
        participat1_.id as id1_14_1_,
        presentati2_.id as id1_18_2_,
        parent3_.id as id2_26_3_,
        ptdate0_.createdDate as createdd2_20_0_,
        ptdate0_.updatedDate as updatedd3_20_0_,
        ptdate0_.ablePersonNum as ablepers4_20_0_,
        ptdate0_.date as date5_20_0_,
        ptdate0_.participantCnt as particip6_20_0_,
        ptdate0_.presentation_id as presenta9_20_0_,
        ptdate0_.time as time7_20_0_,
        ptdate0_.waitingCnt as waitingc8_20_0_,
        participat1_.createdDate as createdd2_14_1_,
        participat1_.updatedDate as updatedd3_14_1_,
        participat1_.parent_id as parent_i5_14_1_,
        participat1_.ptDate_id as ptdate_i6_14_1_,
        participat1_.status as status4_14_1_,
        participat1_.ptDate_id as ptdate_i6_14_0__,
        participat1_.id as id1_14_0__,
        presentati2_.createdDate as createdd2_18_2_,
        presentati2_.updatedDate as updatedd3_18_2_,
        presentati2_.center_id as center_10_18_2_,
        presentati2_.content as content4_18_2_,
        presentati2_.endDate as enddate5_18_2_,
        presentati2_.imgCnt as imgcnt6_18_2_,
        presentati2_.place as place7_18_2_,
        presentati2_.startDate as startdat8_18_2_,
        presentati2_.videoCnt as videocnt9_18_2_,
        parent3_1_.createdDate as createdd3_26_3_,
        parent3_1_.updatedDate as updatedd4_26_3_,
        parent3_1_.address as address5_26_3_,
        parent3_1_.auth as auth6_26_3_,
        parent3_1_.detailAddress as detailad7_26_3_,
        parent3_1_.dtype as dtype1_26_3_,
        parent3_1_.emailAddress as emailadd8_26_3_,
        parent3_1_.hasProfileImg as hasprofi9_26_3_,
        parent3_1_.loginId as loginid10_26_3_,
        parent3_1_.name as name11_26_3_,
        parent3_1_.nickName as nicknam12_26_3_,
        parent3_1_.password as passwor13_26_3_,
        parent3_1_.phoneNumber as phonenu14_26_3_,
        parent3_.interestAge as interest1_13_3_,
        parent3_.animal as animal2_13_3_,
        parent3_.art as art3_13_3_,
        parent3_.buddhism as buddhism4_13_3_,
        parent3_.camping as camping5_13_3_,
        parent3_.catholic as catholic6_13_3_,
        parent3_.christianity as christia7_13_3_,
        parent3_.clean as clean8_13_3_,
        parent3_.coding as coding9_13_3_,
        parent3_.english as english10_13_3_,
        parent3_.foreigner as foreign11_13_3_,
        parent3_.genius as genius12_13_3_,
        parent3_.manner as manner13_13_3_,
        parent3_.math as math14_13_3_,
        parent3_.music as music15_13_3_,
        parent3_.nature as nature16_13_3_,
        parent3_.plant as plant17_13_3_,
        parent3_.sport as sport18_13_3_ 
    from
        PtDate ptdate0_ 
    left outer join
        Participation participat1_ 
            on ptdate0_.id=participat1_.ptDate_id 
    left outer join
        Presentation presentati2_ 
            on ptdate0_.presentation_id=presentati2_.id 
    left outer join
        Parent parent3_ 
            on participat1_.parent_id=parent3_.id 
    left outer join
        User parent3_1_ 
            on parent3_.id=parent3_1_.id 
    where
        ptdate0_.id=?
2022-07-08 15:09:09.472  INFO 6000 --- [    Test worker] o.s.t.c.transaction.TransactionContext   : Rolled back transaction for test: [DefaultTestContext@b52bc7b testClass = PtDateRepositoryTest, testInstance = FIS.iLUVit.repository.PtDateRepositoryTest@41aa0ede, testMethod = 설명회_회차_정보_가져오기@PtDateRepositoryTest, testException = [null], mergedContextConfiguration = [MergedContextConfiguration@21484c17 testClass = PtDateRepositoryTest, locations = '{}', classes = '{class FIS.iLUVit.ILuVitApplication}', contextInitializerClasses = '[]', activeProfiles = '{}', propertySourceLocations = '{}', propertySourceProperties = '{org.springframework.boot.test.autoconfigure.orm.jpa.DataJpaTestContextBootstrapper=true}', contextCustomizers = set[org.springframework.boot.test.autoconfigure.OverrideAutoConfigurationContextCustomizerFactory$DisableAutoConfigurationContextCustomizer@1f404aa1, org.springframework.boot.test.autoconfigure.actuate.metrics.MetricsExportContextCustomizerFactory$DisableMetricExportContextCustomizer@2dd29a59, org.springframework.boot.test.autoconfigure.filter.TypeExcludeFiltersContextCustomizer@801efc8c, org.springframework.boot.test.autoconfigure.properties.PropertyMappingContextCustomizer@c5c6ab73, org.springframework.boot.test.autoconfigure.web.servlet.WebDriverContextCustomizerFactory$Customizer@ec2cc4, [ImportsContextCustomizer@69745cfe key = [org.springframework.boot.autoconfigure.cache.CacheAutoConfiguration, org.springframework.boot.autoconfigure.data.jpa.JpaRepositoriesAutoConfiguration, org.springframework.boot.autoconfigure.flyway.FlywayAutoConfiguration, org.springframework.boot.autoconfigure.jdbc.DataSourceAutoConfiguration, org.springframework.boot.autoconfigure.jdbc.DataSourceTransactionManagerAutoConfiguration, org.springframework.boot.autoconfigure.jdbc.JdbcTemplateAutoConfiguration, org.springframework.boot.autoconfigure.liquibase.LiquibaseAutoConfiguration, org.springframework.boot.autoconfigure.orm.jpa.HibernateJpaAutoConfiguration, org.springframework.boot.autoconfigure.sql.init.SqlInitializationAutoConfiguration, org.springframework.boot.autoconfigure.transaction.TransactionAutoConfiguration, org.springframework.boot.test.autoconfigure.jdbc.TestDatabaseAutoConfiguration, org.springframework.boot.test.autoconfigure.orm.jpa.TestEntityManagerAutoConfiguration]], org.springframework.boot.test.context.filter.ExcludeFilterContextCustomizer@2101b44a, org.springframework.boot.test.json.DuplicateJsonObjectContextCustomizerFactory$DuplicateJsonObjectContextCustomizer@119020fb, org.springframework.boot.test.mock.mockito.MockitoContextCustomizer@0, org.springframework.boot.test.context.SpringBootTestArgs@1, org.springframework.boot.test.context.SpringBootTestWebEnvironment@0], contextLoader = 'org.springframework.boot.test.context.SpringBootContextLoader', parent = [null]], attributes = map['org.springframework.test.context.event.ApplicationEventsTestExecutionListener.recordApplicationEvents' -> false]]
]]></system-out>
  <system-err><![CDATA[]]></system-err>
</testsuite>
