<?xml version="1.0" encoding="UTF-8"?>
<testsuite name="FIS.iLUVit.service.ParticipationServiceTest" tests="5" skipped="0" failures="0" errors="0" timestamp="2022-07-08T06:09:14" hostname="hyeonseung-guui-MacBookPro.local" time="0.063">
  <properties/>
  <testcase name="설명회_신청_이미_신청한_사용자()" classname="FIS.iLUVit.service.ParticipationServiceTest" time="0.057"/>
  <testcase name="설명회_신청_성공()" classname="FIS.iLUVit.service.ParticipationServiceTest" time="0.002"/>
  <testcase name="잘못된_설명회_회차_아이디로_신청()" classname="FIS.iLUVit.service.ParticipationServiceTest" time="0.001"/>
  <testcase name="설명회_신청_인원_초과()" classname="FIS.iLUVit.service.ParticipationServiceTest" time="0.001"/>
  <testcase name="설명회_신청_신청기간이_지남()" classname="FIS.iLUVit.service.ParticipationServiceTest" time="0.001"/>
  <system-out><![CDATA[]]></system-out>
  <system-err><![CDATA[]]></system-err>
</testsuite>
