<?xml version="1.0" encoding="UTF-8"?>
<testsuite name="FIS.iLUVit.TestExample" tests="3" skipped="0" failures="0" errors="0" timestamp="2022-07-08T06:08:57" hostname="hyeonseung-guui-MacBookPro.local" time="0.015">
  <properties/>
  <testcase name="testOrderDoesNotRemoveIfNotEnough()" classname="FIS.iLUVit.TestExample" time="0.012"/>
  <testcase name="mockOrderTest()" classname="FIS.iLUVit.TestExample" time="0.002"/>
  <testcase name="testOrderIsFilledIfEnoughInWarehouse()" classname="FIS.iLUVit.TestExample" time="0.0"/>
  <system-out><![CDATA[]]></system-out>
  <system-err><![CDATA[]]></system-err>
</testsuite>
